<?xml version="1.0" encoding="UTF-8"?>
<testng-results ignored="0" total="1" passed="1" failed="0" skipped="0">
  <reporter-output>
  </reporter-output>
  <suite started-at="2023-11-23T19:57:54 CST" name="Default suite" finished-at="2023-11-23T19:57:56 CST" duration-ms="1924">
    <groups>
    </groups>
    <test started-at="2023-11-23T19:57:54 CST" name="Default test" finished-at="2023-11-23T19:57:56 CST" duration-ms="1924">
      <class name="soaptest.XMLSchemaValidation">
        <test-method signature="schemaValidation()[pri:0, instance:soaptest.XMLSchemaValidation@5824a83d]" started-at="2023-11-23T19:57:54 CST" name="schemaValidation" finished-at="2023-11-23T19:57:56 CST" duration-ms="1904" status="PASS">
          <reporter-output>
          </reporter-output>
        </test-method> <!-- schemaValidation -->
      </class> <!-- soaptest.XMLSchemaValidation -->
    </test> <!-- Default test -->
  </suite> <!-- Default suite -->
</testng-results>
